# JRE version: OpenJDK Runtime Environment Temurin-17.0.6+10 (17.0.6+10) (build 17.0.6+10)
# Java VM: OpenJDK 64-Bit Server VM Temurin-17.0.6+10 (17.0.6+10, mixed mode, tiered, compressed oops, compressed class ptrs, g1 gc, windows-amd64)
GC Precious Log:
 CPUs: 4 total, 4 available
 Memory: 3962M
 Large Page Support: Disabled
 NUMA Support: Disabled
 Compressed Oops: Enabled (32-bit)
 Heap Region Size: 1M
 Heap Min Capacity: 8M
 Heap Initial Capacity: 62M
 Heap Max Capacity: 992M
 Pre-touch: Disabled
 Parallel Workers: 4
 Concurrent Workers: 1
 Concurrent Refinement Workers: 4
 Periodic GC: Disabled
Heap:
 garbage-first heap   total 116736K, used 49191K [0x00000000c2000000, 0x0000000100000000)
  region size 1024K, 1 young (1024K), 1 survivors (1024K)
 Metaspace       used 107591K, committed 109824K, reserved 1155072K
  class space    used 11802K, committed 12608K, reserved 1048576K
GC Heap History (20 events):
Event: 193181.000 GC heap after
{Heap after GC invocations=3307 (full 36):
 garbage-first heap   total 116736K, used 47063K [0x00000000c2000000, 0x0000000100000000)
  region size 1024K, 2 young (2048K), 2 survivors (2048K)
 Metaspace       used 107591K, committed 109824K, reserved 1155072K
  class space    used 11802K, committed 12608K, reserved 1048576K
}
Event: 193204.831 GC heap before
{Heap before GC invocations=3307 (full 36):
 garbage-first heap   total 116736K, used 99287K [0x00000000c2000000, 0x0000000100000000)
  region size 1024K, 54 young (55296K), 2 survivors (2048K)
 Metaspace       used 107591K, committed 109824K, reserved 1155072K
  class space    used 11802K, committed 12608K, reserved 1048576K
}
Event: 193204.837 GC heap after
{Heap after GC invocations=3308 (full 36):
 garbage-first heap   total 116736K, used 47064K [0x00000000c2000000, 0x0000000100000000)
  region size 1024K, 2 young (2048K), 2 survivors (2048K)
 Metaspace       used 107591K, committed 109824K, reserved 1155072K
  class space    used 11802K, committed 12608K, reserved 1048576K
}
Event: 193228.998 GC heap before
{Heap before GC invocations=3308 (full 36):
 garbage-first heap   total 116736K, used 100312K [0x00000000c2000000, 0x0000000100000000)
  region size 1024K, 54 young (55296K), 2 survivors (2048K)
 Metaspace       used 107591K, committed 109824K, reserved 1155072K
  class space    used 11802K, committed 12608K, reserved 1048576K
}
Event: 193229.001 GC heap after
{Heap after GC invocations=3309 (full 36):
 garbage-first heap   total 116736K, used 47128K [0x00000000c2000000, 0x0000000100000000)
  region size 1024K, 2 young (2048K), 2 survivors (2048K)
 Metaspace       used 107591K, committed 109824K, reserved 1155072K
  class space    used 11802K, committed 12608K, reserved 1048576K
}
Event: 193250.094 GC heap before
{Heap before GC invocations=3309 (full 36):
 garbage-first heap   total 116736K, used 100376K [0x00000000c2000000, 0x0000000100000000)
  region size 1024K, 54 young (55296K), 2 survivors (2048K)
 Metaspace       used 107591K, committed 109824K, reserved 1155072K
  class space    used 11802K, committed 12608K, reserved 1048576K
}
Event: 193250.098 GC heap after
{Heap after GC invocations=3310 (full 36):
 garbage-first heap   total 116736K, used 47085K [0x00000000c2000000, 0x0000000100000000)
  region size 1024K, 2 young (2048K), 2 survivors (2048K)
 Metaspace       used 107591K, committed 109824K, reserved 1155072K
  class space    used 11802K, committed 12608K, reserved 1048576K
}
Event: 193277.400 GC heap before
{Heap before GC invocations=3310 (full 36):
 garbage-first heap   total 116736K, used 100333K [0x00000000c2000000, 0x0000000100000000)
  region size 1024K, 54 young (55296K), 2 survivors (2048K)
 Metaspace       used 107591K, committed 109824K, reserved 1155072K
  class space    used 11802K, committed 12608K, reserved 1048576K
}
Event: 193277.404 GC heap after
{Heap after GC invocations=3311 (full 36):
 garbage-first heap   total 116736K, used 47019K [0x00000000c2000000, 0x0000000100000000)
  region size 1024K, 2 young (2048K), 2 survivors (2048K)
 Metaspace       used 107591K, committed 109824K, reserved 1155072K
  class space    used 11802K, committed 12608K, reserved 1048576K
}
Event: 193305.960 GC heap before
{Heap before GC invocations=3311 (full 36):
 garbage-first heap   total 116736K, used 100267K [0x00000000c2000000, 0x0000000100000000)
  region size 1024K, 54 young (55296K), 2 survivors (2048K)
 Metaspace       used 107591K, committed 109824K, reserved 1155072K
  class space    used 11802K, committed 12608K, reserved 1048576K
}
Event: 193306.644 GC heap after
{Heap after GC invocations=3312 (full 36):
 garbage-first heap   total 116736K, used 46992K [0x00000000c2000000, 0x0000000100000000)
  region size 1024K, 2 young (2048K), 2 survivors (2048K)
 Metaspace       used 107591K, committed 109824K, reserved 1155072K
  class space    used 11802K, committed 12608K, reserved 1048576K
}
Event: 193307.511 GC heap before
{Heap before GC invocations=3312 (full 36):
 garbage-first heap   total 116736K, used 50064K [0x00000000c2000000, 0x0000000100000000)
  region size 1024K, 5 young (5120K), 2 survivors (2048K)
 Metaspace       used 107591K, committed 109824K, reserved 1155072K
  class space    used 11802K, committed 12608K, reserved 1048576K
}
Event: 193310.580 GC heap after
{Heap after GC invocations=3313 (full 36):
 garbage-first heap   total 116736K, used 47071K [0x00000000c2000000, 0x0000000100000000)
  region size 1024K, 1 young (1024K), 1 survivors (1024K)
 Metaspace       used 107591K, committed 109824K, reserved 1155072K
  class space    used 11802K, committed 12608K, reserved 1048576K
}
Event: 193312.327 GC heap before
{Heap before GC invocations=3313 (full 36):
 garbage-first heap   total 116736K, used 51167K [0x00000000c2000000, 0x0000000100000000)
  region size 1024K, 5 young (5120K), 1 survivors (1024K)
 Metaspace       used 107591K, committed 109824K, reserved 1155072K
  class space    used 11802K, committed 12608K, reserved 1048576K
}
Event: 193312.329 GC heap after
{Heap after GC invocations=3314 (full 36):
 garbage-first heap   total 116736K, used 47522K [0x00000000c2000000, 0x0000000100000000)
  region size 1024K, 1 young (1024K), 1 survivors (1024K)
 Metaspace       used 107591K, committed 109824K, reserved 1155072K
  class space    used 11802K, committed 12608K, reserved 1048576K
}
Event: 193313.736 GC heap before
{Heap before GC invocations=3314 (full 36):
 garbage-first heap   total 116736K, used 51618K [0x00000000c2000000, 0x0000000100000000)
  region size 1024K, 5 young (5120K), 1 survivors (1024K)
 Metaspace       used 107591K, committed 109824K, reserved 1155072K
  class space    used 11802K, committed 12608K, reserved 1048576K
}
Event: 193313.953 GC heap after
{Heap after GC invocations=3315 (full 36):
 garbage-first heap   total 116736K, used 48002K [0x00000000c2000000, 0x0000000100000000)
  region size 1024K, 1 young (1024K), 1 survivors (1024K)
 Metaspace       used 107591K, committed 109824K, reserved 1155072K
  class space    used 11802K, committed 12608K, reserved 1048576K
}
Event: 193315.498 GC heap before
{Heap before GC invocations=3315 (full 36):
 garbage-first heap   total 116736K, used 52098K [0x00000000c2000000, 0x0000000100000000)
  region size 1024K, 5 young (5120K), 1 survivors (1024K)
 Metaspace       used 107591K, committed 109824K, reserved 1155072K
  class space    used 11802K, committed 12608K, reserved 1048576K
}
Event: 193315.613 GC heap after
{Heap after GC invocations=3316 (full 36):
 garbage-first heap   total 116736K, used 48640K [0x00000000c2000000, 0x0000000100000000)
  region size 1024K, 1 young (1024K), 1 survivors (1024K)
 Metaspace       used 107591K, committed 109824K, reserved 1155072K
  class space    used 11802K, committed 12608K, reserved 1048576K
}
Event: 193317.222 GC heap before
{Heap before GC invocations=3316 (full 36):
 garbage-first heap   total 116736K, used 52736K [0x00000000c2000000, 0x0000000100000000)
  region size 1024K, 5 young (5120K), 1 survivors (1024K)
 Metaspace       used 107591K, committed 109824K, reserved 1155072K
  class space    used 11802K, committed 12608K, reserved 1048576K
}

